Removed Pin From Net: NetName=RFIN_Si Pin=C4-1
Removed Pin From Net: NetName=GND Pin=C5-2
Removed Pin From Net: NetName=GND Pin=C7-2
Removed Pin From Net: NetName=GND Pin=DA1-2
Removed Pin From Net: NetName=GND Pin=DA1-4
Removed Pin From Net: NetName=VDD Pin=DA1-6
Removed Pin From Net: NetName=GND Pin=R3-2
Removed Pin From Net: NetName=VDD Pin=R4-1
Removed Pin From Net: NetName=GND Pin=R18-1
Removed Pin From Net: NetName=LOUT Pin=R?-1
Removed Pin From Net: NetName=GND Pin=R?-3
Removed Pin From Net: NetName=GND Pin=XW?-1
Removed Member From Class: ClassName=RF Member=C11
Removed Member From Class: ClassName=RF Member=C12
Removed Member From Class: ClassName=AUDIO Member=C24
Removed Member From Class: ClassName=AUDIO Member=C?
Removed Member From Class: ClassName=AUDIO Member=DA1
Removed Member From Class: ClassName=RF Member=R12
Removed Member From Class: ClassName=RF Member=R13
Removed Member From Class: ClassName=AUDIO Member=R18
Removed Member From Class: ClassName=Sheet2 Member=R18
Removed Member From Class: ClassName=AUDIO Member=R?
Removed Member From Class: ClassName=RF Member=VD3
Removed Member From Class: ClassName=RF Member=XW?
Change Component Comment : Designator=R18 Old Comment=10 ־ל New Comment=10 ך־ל
Change Component Designator: OldDesignator=C3 NewDesignator=C7
Change Component Designator: OldDesignator=C6 NewDesignator=C1
Change Component Designator: OldDesignator=C9 NewDesignator=C2
Change Component Designator: OldDesignator=C10 NewDesignator=C3
Change Component Designator: OldDesignator=C11 NewDesignator=C5
Change Component Designator: OldDesignator=C12 NewDesignator=C4
Change Component Designator: OldDesignator=C13 NewDesignator=C6
Change Component Designator: OldDesignator=C14 NewDesignator=C8
Change Component Designator: OldDesignator=C18 NewDesignator=C19
Change Component Designator: OldDesignator=C19 NewDesignator=C20
Change Component Designator: OldDesignator=C20 NewDesignator=C16
Change Component Designator: OldDesignator=C21 NewDesignator=C17
Change Component Designator: OldDesignator=C22 NewDesignator=C18
Change Component Designator: OldDesignator=C29 NewDesignator=C11
Change Component Designator: OldDesignator=C30 NewDesignator=C12
Change Component Designator: OldDesignator=C31 NewDesignator=C13
Change Component Designator: OldDesignator=C32 NewDesignator=C14
Change Component Designator: OldDesignator=C33 NewDesignator=C15
Change Component Designator: OldDesignator=DA2 NewDesignator=DA1
Change Component Designator: OldDesignator=DA3 NewDesignator=DA2
Change Component Designator: OldDesignator=DA4 NewDesignator=DA3
Change Component Designator: OldDesignator=L2 NewDesignator=L1
Change Component Designator: OldDesignator=R7 NewDesignator=R1
Change Component Designator: OldDesignator=R8 NewDesignator=R2
Change Component Designator: OldDesignator=R11 NewDesignator=R6
Change Component Designator: OldDesignator=R12 NewDesignator=R3
Change Component Designator: OldDesignator=R13 NewDesignator=R4
Change Component Designator: OldDesignator=R18 NewDesignator=R11
Change Component Designator: OldDesignator=R19 NewDesignator=R12
Change Component Designator: OldDesignator=R20 NewDesignator=R13
Change Component Designator: OldDesignator=R21 NewDesignator=R14
Change Component Designator: OldDesignator=VD5 NewDesignator=VD2
Change Component Designator: OldDesignator=VD6 NewDesignator=VD3
Change Component Designator: OldDesignator=VD7 NewDesignator=VD4
Change Component Designator: OldDesignator=VT1 NewDesignator=VT2
Change Component Designator: OldDesignator=VT2 NewDesignator=VT3
Change Component Designator: OldDesignator=XP1 NewDesignator=XP2
Change Component Designator: OldDesignator=XP2 NewDesignator=XP3
Change Component Designator: OldDesignator=XP3 NewDesignator=XP1
Change Component Designator: OldDesignator=XS1 NewDesignator=XS2
Change Component Designator: OldDesignator=XS2 NewDesignator=XS1
Added Component: Designator=C9(C_0603)
Added Component: Designator=C10(C_0603)
Added Component: Designator=R7(R_0603)
Added Component: Designator=R8(R_0603)
Added Component: Designator=R9(R_0603)
Added Component: Designator=R10(R_0603)
Added Component: Designator=TP1(TPA301 TSOP65P490X110_HS-9L)
Added Component: Designator=XW1(SMA (HYR1139))
Added Component: Designator=ׁ1(C_0603)
Added Component: Designator=ׁ2(C_0603)
Added Pin To Net: NetName=GND Pin=C10-1
Added Pin To Net: NetName=VDD Pin=R7-2
Added Pin To Net: NetName=GND Pin=R10-1
Added Pin To Net: NetName=VOL- Pin=R18-1
Added Pin To Net: NetName=VDD Pin=R18-2
Added Pin To Net: NetName=LOUT Pin=TP1-4
Added Pin To Net: NetName=GND Pin=TP1-6
Added Pin To Net: NetName=VDD Pin=TP1-7
Added Pin To Net: NetName=GND Pin=XW1-1
Added Pin To Net: NetName=GND Pin=XW1-1
Added Pin To Net: NetName=GND Pin=XW1-1
Added Pin To Net: NetName=GND Pin=XW1-1
Added Pin To Net: NetName=GND Pin=ׁ1-1
Added Pin To Net: NetName=RFIN_Si Pin=ׁ2-1
Change Net Name : Old Net Name=NetC3_2 New Net Name=NetC7_2
Change Net Name : Old Net Name=NetC6_1 New Net Name=NetC1_1
Change Net Name : Old Net Name=NetC10_2 New Net Name=NetC3_2
Change Net Name : Old Net Name=NetC11_2 New Net Name=NetC5_2
Change Net Name : Old Net Name=NetC12_2 New Net Name=NetC4_2
Change Net Name : Old Net Name=NetC32_1 New Net Name=NetC14_1
Change Net Name : Old Net Name=NetDA3_1 New Net Name=NetDA2_1
Change Net Name : Old Net Name=NetDA3_5 New Net Name=NetDA2_5
Change Net Name : Old Net Name=NetVD5_1 New Net Name=NetVD2_1
Change Net Name : Old Net Name=NetVD7_2 New Net Name=NetVD4_2
Change Net Name : Old Net Name=NetXP2_1 New Net Name=NetXP3_1
Added Pin To Net: NetName=NetC9_1 Pin=C9-1
Added Pin To Net: NetName=NetC9_1 Pin=XW1-2
Added Net: Name=NetC9_1
Added Pin To Net: NetName=NetC9_2 Pin=C9-2
Added Pin To Net: NetName=NetC9_2 Pin=R9-1
Added Net: Name=NetC9_2
Added Pin To Net: NetName=NetC10_2 Pin=C10-2
Added Pin To Net: NetName=NetC10_2 Pin=R10-2
Added Net: Name=NetC10_2
Added Pin To Net: NetName=NetR7_1 Pin=R7-1
Added Pin To Net: NetName=NetR7_1 Pin=R8-2
Added Pin To Net: NetName=NetR7_1 Pin=ׁ1-2
Added Net: Name=NetR7_1
Added Pin To Net: NetName=NetR8_1 Pin=R8-1
Added Pin To Net: NetName=NetR8_1 Pin=R9-2
Added Pin To Net: NetName=NetR8_1 Pin=ׁ2-2
Added Net: Name=NetR8_1
Added Pin To Net: NetName=NetTP1_5 Pin=TP1-5
Added Pin To Net: NetName=NetTP1_5 Pin=XS2-5
Added Net: Name=NetTP1_5
Added Pin To Net: NetName=NetTP1_8 Pin=TP1-8
Added Pin To Net: NetName=NetTP1_8 Pin=XS2-2
Added Net: Name=NetTP1_8
Added Pin To Net: NetName=NetXP3_2 Pin=XP3-2
Added Pin To Net: NetName=NetXP3_2 Pin=XS2-4
Added Net: Name=NetXP3_2
Change Class Name : Old Net Name=Sheet2 New Net Name=PWR
Added Member To Class: ClassName=MCU Member=Component C20 0,1 לך
Added Member To Class: ClassName=RF Member=Component R9 15k
Added Member To Class: ClassName=RF Member=Component R10 100
Added Member To Class: ClassName=PWR Member=Component R11 2 ך
Added Member To Class: ClassName=MCU Member=Component R18 10 ך־ל
Added Member To Class: ClassName=AUDIO Member=Component TP1 TPA301
Added Member To Class: ClassName=RF Member=Component XW1 HYR-1139-RP
Added Member To Class: ClassName=RF Member=Component ׁ1 1000
Added Member To Class: ClassName=RF Member=Component ׁ2 1000
Change Room Name: Old Name=Sheet2 New Name=PWR
Change Room Scope: Old Scope=InComponentClass('Sheet2') New Scope=InComponentClass('PWR')
