Added Component: Designator=R4(R_0603)
Add component. Clean all parameters for all variants
Add component (AddParameter): Name = "ComponentLink1Description"; Value = "Datasheet"; VariantName = "[No Variations]"
Add component (AddParameter): Name = "ComponentLink1URL"; Value = "https://www.bourns.com/pdfs/chpreztr.pdf"; VariantName = "[No Variations]"
Add component (AddParameter): Name = "Component Type"; Value = "Resistor"; VariantName = "[No Variations]"
Add component (AddParameter): Name = "Manufacturer"; Value = "Bourns Inc."; VariantName = "[No Variations]"
Add component (AddParameter): Name = "Part Number"; Value = "CR0603-FX-1002ELF"; VariantName = "[No Variations]"
Add component (AddParameter): Name = "Value"; Value = "10 ך־ל"; VariantName = "[No Variations]"
Added Component: Designator=R5(R_0603)
Add component. Clean all parameters for all variants
Add component (AddParameter): Name = "ComponentLink1Description"; Value = "Datasheet"; VariantName = "[No Variations]"
Add component (AddParameter): Name = "ComponentLink1URL"; Value = "https://www.bourns.com/pdfs/chpreztr.pdf"; VariantName = "[No Variations]"
Add component (AddParameter): Name = "Component Type"; Value = "Resistor"; VariantName = "[No Variations]"
Add component (AddParameter): Name = "Manufacturer"; Value = "Bourns Inc."; VariantName = "[No Variations]"
Add component (AddParameter): Name = "Part Number"; Value = "CR0603-FX-1002ELF"; VariantName = "[No Variations]"
Add component (AddParameter): Name = "Value"; Value = "10 ך־ל"; VariantName = "[No Variations]"
Added Pin To Net: NetName=GND Pin=R4-1
Added Pin To Net: NetName=RST Pin=R4-2
Added Pin To Net: NetName=GND Pin=R5-1
Added Pin To Net: NetName=SEN Pin=R5-2
Added Member To Class: ClassName=Sheet1 Member=Component C4 0,1 לך
Added Member To Class: ClassName=Sheet1 Member=Component R4 10 ך־ל
Added Member To Class: ClassName=Sheet1 Member=Component R5 10 ך־ל
Added Member To Class: ClassName=Sheet1 Member=Component SB2 KLS7-TS6601
Added Member To Class: ClassName=Sheet1 Member=Component SB3 KLS7-TS6601
