Removed Pin From Net: NetName=5V Pin=C3-1
Removed Pin From Net: NetName=VDD Pin=C5-1
Removed Pin From Net: NetName=GND Pin=C5-2
Removed Pin From Net: NetName=GND Pin=C17-1
Removed Pin From Net: NetName=GND Pin=C18-1
Removed Pin From Net: NetName=5V Pin=C18-2
Removed Pin From Net: NetName=VDD Pin=DA1-1
Removed Pin From Net: NetName=GND Pin=DA1-2
Removed Pin From Net: NetName=GND Pin=DA1-2
Removed Pin From Net: NetName=GND Pin=DA1-2
Removed Pin From Net: NetName=5V Pin=DA1-3
Removed Pin From Net: NetName=TX Pin=DD3-1
Removed Pin From Net: NetName=5V Pin=DD3-4
Removed Pin From Net: NetName=RX Pin=DD3-5
Removed Pin From Net: NetName=GND Pin=DD3-7
Removed Pin From Net: NetName=GND Pin=DD3-18
Removed Pin From Net: NetName=5V Pin=DD3-20
Removed Pin From Net: NetName=GND Pin=DD3-21
Removed Pin From Net: NetName=GND Pin=DD3-25
Removed Pin From Net: NetName=GND Pin=DD3-26
Removed Pin From Net: NetName=GND Pin=HL1-2
Removed Pin From Net: NetName=GND Pin=HL2-2
Removed Pin From Net: NetName=GND Pin=HL3-2
Removed Pin From Net: NetName=NetHL1_1 Pin=R9-1
Removed Pin From Net: NetName=VDD Pin=R11-2
Removed Pin From Net: NetName=5V Pin=VD4-2
Removed Pin From Net: NetName=GPO1 Pin=XP3-1
Removed Pin From Net: NetName=GPO2/INT Pin=XP3-2
Removed Pin From Net: NetName=GPO3/DCLK Pin=XP3-3
Removed Pin From Net: NetName=DFS Pin=XP3-4
Removed Pin From Net: NetName=DOUT Pin=XP3-5
Removed Pin From Net: NetName=RST Pin=XP3-6
Removed Pin From Net: NetName=GND Pin=XP3-7
Removed Pin From Net: NetName=GND Pin=XP3-8
Removed Pin From Net: NetName=RCLK Pin=XP3-9
Removed Pin From Net: NetName=SEN Pin=XP3-10
Removed Pin From Net: NetName=GND Pin=XS2-0
Removed Pin From Net: NetName=GND Pin=XS2-0
Removed Pin From Net: NetName=GND Pin=XS2-4
Removed Member From Class: ClassName=Sheet1 Member=C5
Removed Member From Class: ClassName=Sheet1 Member=C17
Removed Member From Class: ClassName=Sheet1 Member=C18
Removed Member From Class: ClassName=Sheet1 Member=DD3
Removed Member From Class: ClassName=Sheet1 Member=HL1
Removed Member From Class: ClassName=Sheet1 Member=HL2
Removed Member From Class: ClassName=Sheet1 Member=R11
Removed Member From Class: ClassName=Sheet1 Member=VD3
Removed Member From Class: ClassName=Sheet1 Member=VD4
Removed Member From Class: ClassName=Sheet1 Member=XP1
Removed Member From Class: ClassName=Sheet1 Member=XP3
Removed Member From Class: ClassName=Sheet1 Member=XS2
Change Component Footprint: Designator=DA1 Old Footprint= New Footprint=SO-8
Change Component Footprint: Designator=C18 Old Footprint=C_0603 New Footprint=C_0805
Change Component Footprint: Designator=VD4 Old Footprint=DO-214AC New Footprint=SOD-80
Change Component Footprint: Designator=HL1 Old Footprint=LED_0805_GREEN New Footprint=LED_0603_GREEN
Change Component Footprint: Designator=XS2 Old Footprint=USB-B New Footprint=KLS1-233-0-0-1-T
Change Component Comment : Designator=R11 Old Comment=680 ־ל New Comment=1 ך
Change Component Comment : Designator=R9 Old Comment=680 ־ל New Comment=10 ך
Change Component Comment : Designator=R10 Old Comment=680 ־ל New Comment=10 ך
Change Component Comment : Designator=XS2 Old Comment=292304-2 New Comment=KLS1-233-0-0-1-T
Change Component Comment : Designator=HL1 Old Comment=BL-LS0805PGC New Comment=BL-HGK36G
Change Component Comment : Designator=DA1 Old Comment=L78L33 New Comment=LM386
Change Component Comment : Designator=VD4 Old Comment=SS14 New Comment=LL4148-GS08
Change component parameters: Designator = "R9" ("R9"); Footprint = "R_0603"; UniqueID = "\IWPQFNTZ" ("\IWPQFNTZ")
Change component parameters (AddParameter): Name = "Component Type"; Value = "Resistor"; VariantName = "[No Variations]"
Change component parameters (AddParameter): Name = "ComponentLink1Description"; Value = "Datasheet"; VariantName = "[No Variations]"
Change component parameters (AddParameter): Name = "ComponentLink1URL"; Value = "https://www.bourns.com/pdfs/chpreztr.pdf"; VariantName = "[No Variations]"
Change component parameters (AddParameter): Name = "Manufacturer"; Value = "Bourns Inc."; VariantName = "[No Variations]"
Change component parameters (AddParameter): Name = "Part Number"; Value = "CR0603-FX-1002ELF"; VariantName = "[No Variations]"
Change component parameters (AddParameter): Name = "Value"; Value = "10 ך"; VariantName = "[No Variations]"
Change component parameters: Designator = "R10" ("R10"); Footprint = "R_0603"; UniqueID = "\JMPSLNBN" ("\JMPSLNBN")
Change component parameters (AddParameter): Name = "Component Type"; Value = "Resistor"; VariantName = "[No Variations]"
Change component parameters (AddParameter): Name = "ComponentLink1Description"; Value = "Datasheet"; VariantName = "[No Variations]"
Change component parameters (AddParameter): Name = "ComponentLink1URL"; Value = "https://www.bourns.com/pdfs/chpreztr.pdf"; VariantName = "[No Variations]"
Change component parameters (AddParameter): Name = "Manufacturer"; Value = "Bourns Inc."; VariantName = "[No Variations]"
Change component parameters (AddParameter): Name = "Part Number"; Value = "CR0603-FX-1002ELF"; VariantName = "[No Variations]"
Change component parameters (AddParameter): Name = "Value"; Value = "10 ך"; VariantName = "[No Variations]"
Change component parameters: Designator = "R11" ("R11"); Footprint = "R_0603"; UniqueID = "\SJWQQDBX" ("\SJWQQDBX")
Change component parameters (AddParameter): Name = "Component Type"; Value = "Resistor"; VariantName = "[No Variations]"
Change component parameters (AddParameter): Name = "ComponentLink1Description"; Value = "Datasheet"; VariantName = "[No Variations]"
Change component parameters (AddParameter): Name = "ComponentLink1URL"; Value = "https://www.bourns.com/pdfs/chpreztr.pdf"; VariantName = "[No Variations]"
Change component parameters (AddParameter): Name = "Manufacturer"; Value = "Bourns Inc."; VariantName = "[No Variations]"
Change component parameters (AddParameter): Name = "Part Number"; Value = "CR0603-FX-1001ELF"; VariantName = "[No Variations]"
Change component parameters (AddParameter): Name = "Value"; Value = "1 ך"; VariantName = "[No Variations]"
Change component parameters: Designator = "C18" ("C18"); Footprint = "C_0603"; UniqueID = "\YPCJXNDL" ("\YPCJXNDL")
Added Component: Designator=C19(C_0603)
Add component (AddParameter): Name = "Component Type"; Value = "Capasitor"; VariantName = "[No Variations]"
Add component (AddParameter): Name = "ComponentLink1Description"; Value = "Datasheet"; VariantName = "[No Variations]"
Add component (AddParameter): Name = "ComponentLink1URL"; Value = "https://search.murata.co.jp/Ceramy/image/img/A01X/G101/ENG/GRM188R72A104MA35-01.pdf"; VariantName = "[No Variations]"
Add component (AddParameter): Name = "Manufacturer"; Value = "Murata Electronics"; VariantName = "[No Variations]"
Add component (AddParameter): Name = "Part Number"; Value = "GRM188R72A104MA35D"; VariantName = "[No Variations]"
Add component (AddParameter): Name = "Value"; Value = "0.1µF"; VariantName = "[No Variations]"
Added Component: Designator=C20(C_0805)
Added Component: Designator=DA2(TSOT23-5L)
Added Component: Designator=DA3(SOT89)
Added Component: Designator=DA4(SOT223)
Added Component: Designator=G1(12BHC186P1-GR)
Added Component: Designator=R12(R_0603)
Add component (AddParameter): Name = "Component Type"; Value = "Resistor"; VariantName = "[No Variations]"
Add component (AddParameter): Name = "ComponentLink1Description"; Value = "Datasheet"; VariantName = "[No Variations]"
Add component (AddParameter): Name = "ComponentLink1URL"; Value = "https://www.bourns.com/pdfs/chpreztr.pdf"; VariantName = "[No Variations]"
Add component (AddParameter): Name = "Manufacturer"; Value = "Bourns Inc."; VariantName = "[No Variations]"
Add component (AddParameter): Name = "Part Number"; Value = "CR0603-FX-2001ELF"; VariantName = "[No Variations]"
Add component (AddParameter): Name = "Value"; Value = "2 ך"; VariantName = "[No Variations]"
Added Component: Designator=SW1(KLS7-TS6604-5.0-180-B)
Added Component: Designator=VD5(DO-214AC)
Added Component: Designator=VT1(SOT23)
Added Component: Designator=VT2(SOT23)
Added Pin To Net: NetName=VDD Pin=C3-1
Added Pin To Net: NetName=GND Pin=C5-1
Added Pin To Net: NetName=5V Pin=C17-1
Added Pin To Net: NetName=GND Pin=C17-2
Added Pin To Net: NetName=GND Pin=C18-2
Added Pin To Net: NetName=VDD Pin=C19-1
Added Pin To Net: NetName=GND Pin=C19-2
Added Pin To Net: NetName=GND Pin=C20-1
Added Pin To Net: NetName=VDD Pin=C20-2
Added Pin To Net: NetName=GND Pin=DA1-4
Added Pin To Net: NetName=VDD Pin=DA1-6
Added Pin To Net: NetName=GND Pin=DA2-2
Added Pin To Net: NetName=VDD Pin=DA3-1
Added Pin To Net: NetName=GND Pin=DA3-2
Added Pin To Net: NetName=5V Pin=DA3-3
Added Pin To Net: NetName=GND Pin=DA4-2
Added Pin To Net: NetName=VDD Pin=DA4-3
Added Pin To Net: NetName=GND Pin=G1-2
Added Pin To Net: NetName=GND Pin=R10-1
Added Pin To Net: NetName=NetHL1_1 Pin=R11-1
Added Pin To Net: NetName=GND Pin=R12-1
Added Pin To Net: NetName=GND Pin=XS2-5
Added Pin To Net: NetName=5V_ST Pin=VD5-1
Added Net: Name=5V_ST
Added Pin To Net: NetName=5V_USB Pin=C5-2
Added Pin To Net: NetName=5V_USB Pin=DA2-4
Added Pin To Net: NetName=5V_USB Pin=R11-2
Added Pin To Net: NetName=5V_USB Pin=XS2-1
Added Net: Name=5V_USB
Added Pin To Net: NetName=CELL Pin=DA2-3
Added Pin To Net: NetName=CELL Pin=G1-1
Added Pin To Net: NetName=CELL Pin=R9-1
Added Pin To Net: NetName=CELL Pin=SW1-2
Added Pin To Net: NetName=CELL Pin=SW1-2
Added Pin To Net: NetName=CELL Pin=VT1-2
Added Net: Name=CELL
Added Pin To Net: NetName=NetC18_1 Pin=C18-1
Added Pin To Net: NetName=NetC18_1 Pin=DA4-1
Added Pin To Net: NetName=NetC18_1 Pin=VD5-2
Added Pin To Net: NetName=NetC18_1 Pin=VT2-2
Added Net: Name=NetC18_1
Added Pin To Net: NetName=NetDA2_1 Pin=DA2-1
Added Pin To Net: NetName=NetDA2_1 Pin=HL1-2
Added Net: Name=NetDA2_1
Added Pin To Net: NetName=NetDA2_5 Pin=DA2-5
Added Pin To Net: NetName=NetDA2_5 Pin=R12-2
Added Net: Name=NetDA2_5
Added Pin To Net: NetName=NetVD4_2 Pin=VD4-2
Added Pin To Net: NetName=NetVD4_2 Pin=VT1-3
Added Pin To Net: NetName=NetVD4_2 Pin=VT2-3
Added Net: Name=NetVD4_2
Added Pin To Net: NetName=PWR_B Pin=R10-2
Added Pin To Net: NetName=PWR_B Pin=SW1-1
Added Pin To Net: NetName=PWR_B Pin=SW1-1
Added Pin To Net: NetName=PWR_B Pin=VD4-1
Added Net: Name=PWR_B
Added Pin To Net: NetName=PWR Pin=R9-2
Added Pin To Net: NetName=PWR Pin=VT1-1
Added Net: Name=PWR
Added Class: Name=Sheet2
Added Member To Class: ClassName=Sheet1 Member=Component C2 0,47 לך
Added Member To Class: ClassName=Sheet1 Member=Component C3 0,1 לך
Added Member To Class: ClassName=Sheet1 Member=Component C6 15
Added Member To Class: ClassName=Sheet1 Member=Component C7 0,1 לך
Added Member To Class: ClassName=Sheet1 Member=Component C9 0,1 לך
Added Member To Class: ClassName=Sheet1 Member=Component C10 0,1 לך
Added Member To Class: ClassName=Sheet1 Member=Component C11 0,1 לך
Added Member To Class: ClassName=Sheet1 Member=Component C13 0,1 לך
Added Member To Class: ClassName=Sheet1 Member=Component C15 22
Added Member To Class: ClassName=Sheet1 Member=Component DD1 Si4735
Added Member To Class: ClassName=Sheet1 Member=Component R2 590 ־ל
Added Member To Class: ClassName=Sheet1 Member=Component R5 10 ך־ל
Added Member To Class: ClassName=Sheet1 Member=Component R6 10 ך־ל
Added Member To Class: ClassName=Sheet1 Member=Component SB2 KLS7-TS6601
Added Member To Class: ClassName=Sheet1 Member=Component SB3 KLS7-TS6601
Added Member To Class: ClassName=Sheet1 Member=Component SB6 KLS7-TS6601
Added Member To Class: ClassName=Sheet1 Member=Component SB7 KLS7-TS6601
Added Member To Class: ClassName=Sheet1 Member=Component VD2 BAV99
Added Room: Name=Sheet1
Added Room: Name=Sheet2
