Added Component: Designator=DD?(TQFP32)
Add component. Clean all parameters for all variants
Added Component: Designator=DD?(SSOP-24)
Add component. Clean all parameters for all variants
Added Component: Designator=HL?(LED_0805_GREEN)
Add component. Clean all parameters for all variants
Added Component: Designator=SB?(KLS7-TS6601)
Add component. Clean all parameters for all variants
Added Component: Designator=XP?(DS-261)
Add component. Clean all parameters for all variants
Added Component: Designator=XS?(PJ-317)
Add component. Clean all parameters for all variants
Added Component: Designator=XS?(KLS1-233-0-0-1-T)
Add component. Clean all parameters for all variants
Added Component: Designator=XW?(SMA)
Add component. Clean all parameters for all variants
Added Component: Designator=XW?(SMA)
Add component. Clean all parameters for all variants
Added Class: Name=Sheet1
Added Room: Name=Sheet1
