Removed Pin From Net: NetName=ENC_A Pin=BR2-A
Removed Pin From Net: NetName=ENC_B Pin=BR2-B
Removed Pin From Net: NetName=GND Pin=BR2-C
Removed Member From Class: ClassName=RF Member=BR1
Removed Member From Class: ClassName=MCU Member=BR2
Removed Member From Class: ClassName=MCU Member=C10
Removed Member From Class: ClassName=RF Member=C25
Removed Member From Class: ClassName=RF Member=C26
Removed Member From Class: ClassName=RF Member=C29
Removed Member From Class: ClassName=AUDIO Member=C30
Removed Member From Class: ClassName=MCU Member=C31
Removed Member From Class: ClassName=RF Member=C33
Removed Member From Class: ClassName=MCU Member=R4
Removed Member From Class: ClassName=RF Member=R18
Removed Member From Class: ClassName=RF Member=R19
Removed Member From Class: ClassName=RF Member=R20
Removed Member From Class: ClassName=RF Member=R21
Removed Member From Class: ClassName=RF Member=VD6
Removed Member From Class: ClassName=RF Member=VD7
Removed Member From Class: ClassName=MCU Member=XP3
Change Component Designator: OldDesignator=C1 NewDesignator=C6
Change Component Designator: OldDesignator=C2 NewDesignator=C9
Change Component Designator: OldDesignator=C3 NewDesignator=C20
Change Component Designator: OldDesignator=C4 NewDesignator=C21
Change Component Designator: OldDesignator=C5 NewDesignator=C22
Change Component Designator: OldDesignator=C6 NewDesignator=C10
Change Component Designator: OldDesignator=C7 NewDesignator=C12
Change Component Designator: OldDesignator=C8 NewDesignator=C11
Change Component Designator: OldDesignator=C9 NewDesignator=C13
Change Component Designator: OldDesignator=C10 NewDesignator=C1
Change Component Designator: OldDesignator=C11 NewDesignator=C3
Change Component Designator: OldDesignator=C12 NewDesignator=C18
Change Component Designator: OldDesignator=C13 NewDesignator=C14
Change Component Designator: OldDesignator=C14 NewDesignator=C19
Change Component Designator: OldDesignator=C15 NewDesignator=C23
Change Component Designator: OldDesignator=C16 NewDesignator=C25
Change Component Designator: OldDesignator=C17 NewDesignator=C24
Change Component Designator: OldDesignator=C19 NewDesignator=C7
Change Component Designator: OldDesignator=C20 NewDesignator=C17
Change Component Designator: OldDesignator=C22 NewDesignator=C4
Change Component Designator: OldDesignator=C23 NewDesignator=C15
Change Component Designator: OldDesignator=C25 NewDesignator=C2
Change Component Designator: OldDesignator=C26 NewDesignator=C8
Change Component Designator: OldDesignator=C27 NewDesignator=C5
Change Component Designator: OldDesignator=C28 NewDesignator=C16
Change Component Designator: OldDesignator=R1 NewDesignator=R7
Change Component Designator: OldDesignator=R2 NewDesignator=R8
Change Component Designator: OldDesignator=R3 NewDesignator=R12
Change Component Designator: OldDesignator=R4 NewDesignator=R13
Change Component Designator: OldDesignator=R6 NewDesignator=R11
Change Component Designator: OldDesignator=R7 NewDesignator=R15
Change Component Designator: OldDesignator=R8 NewDesignator=R16
Change Component Designator: OldDesignator=R9 NewDesignator=R4
Change Component Designator: OldDesignator=R10 NewDesignator=R14
Change Component Designator: OldDesignator=R11 NewDesignator=R2
Change Component Designator: OldDesignator=R12 NewDesignator=R9
Change Component Designator: OldDesignator=R13 NewDesignator=R1
Change Component Designator: OldDesignator=R14 NewDesignator=R6
Change Component Designator: OldDesignator=R15 NewDesignator=R17
Change Component Designator: OldDesignator=R16 NewDesignator=R3
Change Component Designator: OldDesignator=R17 NewDesignator=R10
Change Component Designator: OldDesignator=VD1 NewDesignator=VD2
Change Component Designator: OldDesignator=VD2 NewDesignator=VD1
Change Component Designator: OldDesignator=XW1 NewDesignator=XW2
Change Component Designator: OldDesignator=XW2 NewDesignator=XW1
Added Pin To Net: NetName=ENC_A Pin=BR1-A
Added Pin To Net: NetName=ENC_B Pin=BR1-B
Added Pin To Net: NetName=GND Pin=BR1-C
Change Net Name : Old Net Name=NetC1_1 New Net Name=NetC6_1
Change Net Name : Old Net Name=NetC6_2 New Net Name=NetC10_2
Change Net Name : Old Net Name=NetC7_2 New Net Name=NetC12_2
Change Net Name : Old Net Name=NetC8_2 New Net Name=NetC11_2
Change Net Name : Old Net Name=NetC10_2 New Net Name=NetC1_2
Change Net Name : Old Net Name=NetC11_2 New Net Name=NetC3_2
Change Net Name : Old Net Name=NetC16_1 New Net Name=NetC24_1
Change Net Name : Old Net Name=NetC17_2 New Net Name=NetC24_2
Change Net Name : Old Net Name=NetC19_1 New Net Name=NetC7_1
Change Net Name : Old Net Name=NetC20_1 New Net Name=NetC17_1
Change Net Name : Old Net Name=NetC22_2 New Net Name=NetC4_2
Change Net Name : Old Net Name=NetC23_2 New Net Name=NetC15_2
Change Net Name : Old Net Name=NetC25_1 New Net Name=NetC2_1
Change Net Name : Old Net Name=NetC25_2 New Net Name=NetC2_2
Change Net Name : Old Net Name=NetC26_1 New Net Name=NetC8_1
Change Net Name : Old Net Name=NetC26_2 New Net Name=NetC8_2
Change Net Name : Old Net Name=NetC27_1 New Net Name=NetC5_1
Change Net Name : Old Net Name=NetC28_1 New Net Name=NetC16_1
Added Member To Class: ClassName=MCU Member=Component BR1 EC11E15244C0
Added Member To Class: ClassName=RF Member=Component C3 0,47 לך
Added Member To Class: ClassName=RF Member=Component C7 1000
Added Member To Class: ClassName=RF Member=Component C9 15
Added Member To Class: ClassName=RF Member=Component C10 0,1 לך
Added Member To Class: ClassName=RF Member=Component C11 0,1 לך
Added Member To Class: ClassName=RF Member=Component C12 0,1 לך
Added Member To Class: ClassName=RF Member=Component C13 0,1 לך
Added Member To Class: ClassName=RF Member=Component C14 0,1 לך
Added Member To Class: ClassName=RF Member=Component C17 1000
Added Member To Class: ClassName=MCU Member=Component C21 0,1 לך
Added Member To Class: ClassName=MCU Member=Component C22 0,1 לך
Added Member To Class: ClassName=AUDIO Member=Component C24 0,05 u
Added Member To Class: ClassName=Sheet2 Member=Component DA2 L78L33
Added Member To Class: ClassName=RF Member=Component R1 51 ך־ל
Added Member To Class: ClassName=RF Member=Component R2 470
Added Member To Class: ClassName=RF Member=Component R4 100
Added Member To Class: ClassName=RF Member=Component R5 10 ך־ל
Added Member To Class: ClassName=RF Member=Component R7 10 ך־ל
Added Member To Class: ClassName=RF Member=Component R8 10 ך־ל
Added Member To Class: ClassName=RF Member=Component R9 470
Added Member To Class: ClassName=RF Member=Component R11 10 ך־ל
Added Member To Class: ClassName=RF Member=Component R12 4,7 ך־ל
Added Member To Class: ClassName=RF Member=Component R13 4,7 ך־ל
Added Member To Class: ClassName=MCU Member=Component R15 10 ך־ל
Added Member To Class: ClassName=MCU Member=Component R16 10 ך־ל
Added Member To Class: ClassName=RF Member=Component VD2 BAV99
Added Member To Class: ClassName=RF Member=Component VD3 KT368
Added Member To Class: ClassName=RF Member=Component VD4 KT368
Added Member To Class: ClassName=Sheet2 Member=Component VD5 SS14
Added Member To Class: ClassName=Sheet2 Member=Component VT2 IRLML5203TRPBF
Added Member To Class: ClassName=MCU Member=Component XP1 PLS-05
