Change Component Designator: OldDesignator=C1 NewDesignator=C4
Change Component Designator: OldDesignator=C2 NewDesignator=C6
Change Component Designator: OldDesignator=C3 NewDesignator=C12
Change Component Designator: OldDesignator=C4 NewDesignator=C9
Change Component Designator: OldDesignator=C4 NewDesignator=C13
Change Component Designator: OldDesignator=C5 NewDesignator=C3
Change Component Designator: OldDesignator=C5 NewDesignator=C16
Change Component Designator: OldDesignator=C6 NewDesignator=C5
Change Component Designator: OldDesignator=C6 NewDesignator=C7
Change Component Designator: OldDesignator=C7 NewDesignator=C10
Change Component Designator: OldDesignator=C9 NewDesignator=C11
Change Component Designator: OldDesignator=C10 NewDesignator=C1
Change Component Designator: OldDesignator=C11 NewDesignator=C14
Change Component Designator: OldDesignator=C12 NewDesignator=C2
Change Component Designator: OldDesignator=C13 NewDesignator=C15
Change Component Designator: OldDesignator=C14 NewDesignator=C18
Change Component Designator: OldDesignator=C15 NewDesignator=C17
Change Component Designator: OldDesignator=DD1 NewDesignator=DD2
Change Component Designator: OldDesignator=DD2 NewDesignator=DD1
Change Component Designator: OldDesignator=HL1 NewDesignator=HL3
Change Component Designator: OldDesignator=HL2 NewDesignator=HL1
Change Component Designator: OldDesignator=HL3 NewDesignator=HL2
Change Component Designator: OldDesignator=R1 NewDesignator=R2
Change Component Designator: OldDesignator=R2 NewDesignator=R1
Change Component Designator: OldDesignator=R4 NewDesignator=R5
Change Component Designator: OldDesignator=R5 NewDesignator=R4
Change Component Designator: OldDesignator=R5 NewDesignator=R6
Change Component Designator: OldDesignator=R6 NewDesignator=R7
Change Component Designator: OldDesignator=R7 NewDesignator=R8
Change Component Designator: OldDesignator=R8 NewDesignator=R9
Change Component Designator: OldDesignator=R9 NewDesignator=R10
Change Component Designator: OldDesignator=R10 NewDesignator=R11
Change Component Designator: OldDesignator=SB2 NewDesignator=SB7
Change Component Designator: OldDesignator=SB3 NewDesignator=SB8
Change Component Designator: OldDesignator=SB6 NewDesignator=SB5
Change Component Designator: OldDesignator=SB7 NewDesignator=SB6
Change Component Designator: OldDesignator=VD1 NewDesignator=VD2
Change Component Designator: OldDesignator=VD2 NewDesignator=VD1
Change Component Designator: OldDesignator=XP? NewDesignator=XP2
Change Component Designator: OldDesignator=XP? NewDesignator=XP3
Change Component Designator: OldDesignator=XS? NewDesignator=XS1
Change Component Designator: OldDesignator=ZQ? NewDesignator=ZQ2
Change Net Name : Old Net Name=NetC1_1 New Net Name=NetC4_1
Change Net Name : Old Net Name=NetC6_2 New Net Name=NetC7_2
Change Net Name : Old Net Name=NetC7_2 New Net Name=NetC10_2
Change Net Name : Old Net Name=NetC10_1 New Net Name=NetC1_1
Change Net Name : Old Net Name=NetC10_2 New Net Name=NetC1_2
Change Net Name : Old Net Name=NetC11_1 New Net Name=NetC14_1
Change Net Name : Old Net Name=NetC12_1 New Net Name=NetC2_1
Change Net Name : Old Net Name=NetC12_2 New Net Name=NetC2_2
Change Net Name : Old Net Name=NetC13_2 New Net Name=NetC15_2
Change Net Name : Old Net Name=NetC15_2 New Net Name=NetC17_2
Change Net Name : Old Net Name=NetDD2_1 New Net Name=NetDD1_1
Change Net Name : Old Net Name=NetDD2_2 New Net Name=NetDD1_2
Change Net Name : Old Net Name=NetHL1_1 New Net Name=NetHL3_1
Change Net Name : Old Net Name=NetHL2_1 New Net Name=NetHL1_1
Change Net Name : Old Net Name=NetHL3_1 New Net Name=NetHL2_1
Added Member To Class: ClassName=Sheet1 Member=Component C16 0,1 לך
Added Member To Class: ClassName=Sheet1 Member=Component C17 0,1 לך
Added Member To Class: ClassName=Sheet1 Member=Component C18 0,1 לך
Added Member To Class: ClassName=Sheet1 Member=Component R11 680 ־ל
Added Member To Class: ClassName=Sheet1 Member=Component SB7 KLS7-TS6601
Added Member To Class: ClassName=Sheet1 Member=Component SB8 KLS7-TS6601
Added Member To Class: ClassName=Sheet1 Member=Component XP3 PLD-10
