Added Component: Designator=C?(C_0603)
Add component. Clean all parameters for all variants
Add component (AddParameter): Name = "ComponentLink1Description"; Value = "Datasheet"; VariantName = "[No Variations]"
Add component (AddParameter): Name = "ComponentLink1URL"; Value = "https://search.murata.co.jp/Ceramy/image/img/A01X/G101/ENG/GRM188R72A104MA35-01.pdf"; VariantName = "[No Variations]"
Add component (AddParameter): Name = "Component Type"; Value = "Capasitor"; VariantName = "[No Variations]"
Add component (AddParameter): Name = "Manufacturer"; Value = "Murata Electronics"; VariantName = "[No Variations]"
Add component (AddParameter): Name = "Part Number"; Value = "GRM188R72A104MA35D"; VariantName = "[No Variations]"
Add component (AddParameter): Name = "Value"; Value = "0.1µF"; VariantName = "[No Variations]"
Added Component: Designator=C?(C_0603)
Add component. Clean all parameters for all variants
Add component (AddParameter): Name = "ComponentLink1Description"; Value = "Datasheet"; VariantName = "[No Variations]"
Add component (AddParameter): Name = "ComponentLink1URL"; Value = "https://search.murata.co.jp/Ceramy/image/img/A01X/G101/ENG/GRM188R72A104MA35-01.pdf"; VariantName = "[No Variations]"
Add component (AddParameter): Name = "Component Type"; Value = "Capasitor"; VariantName = "[No Variations]"
Add component (AddParameter): Name = "Manufacturer"; Value = "Murata Electronics"; VariantName = "[No Variations]"
Add component (AddParameter): Name = "Part Number"; Value = "GRM188R72A104MA35D"; VariantName = "[No Variations]"
Add component (AddParameter): Name = "Value"; Value = "0.1µF"; VariantName = "[No Variations]"
Added Component: Designator=C?(C_0603)
Add component. Clean all parameters for all variants
Add component (AddParameter): Name = "ComponentLink1Description"; Value = "Datasheet"; VariantName = "[No Variations]"
Add component (AddParameter): Name = "ComponentLink1URL"; Value = "https://search.murata.co.jp/Ceramy/image/img/A01X/G101/ENG/GRM188R72A104MA35-01.pdf"; VariantName = "[No Variations]"
Add component (AddParameter): Name = "Component Type"; Value = "Capasitor"; VariantName = "[No Variations]"
Add component (AddParameter): Name = "Manufacturer"; Value = "Murata Electronics"; VariantName = "[No Variations]"
Add component (AddParameter): Name = "Part Number"; Value = "GRM188R72A104MA35D"; VariantName = "[No Variations]"
Add component (AddParameter): Name = "Value"; Value = "0.1µF"; VariantName = "[No Variations]"
Added Component: Designator=C?(C_0603)
Add component. Clean all parameters for all variants
Add component (AddParameter): Name = "ComponentLink1Description"; Value = "Datasheet"; VariantName = "[No Variations]"
Add component (AddParameter): Name = "ComponentLink1URL"; Value = "https://search.murata.co.jp/Ceramy/image/img/A01X/G101/ENG/GRM188R72A104MA35-01.pdf"; VariantName = "[No Variations]"
Add component (AddParameter): Name = "Component Type"; Value = "Capasitor"; VariantName = "[No Variations]"
Add component (AddParameter): Name = "Manufacturer"; Value = "Murata Electronics"; VariantName = "[No Variations]"
Add component (AddParameter): Name = "Part Number"; Value = "GRM188R72A104MA35D"; VariantName = "[No Variations]"
Add component (AddParameter): Name = "Value"; Value = "0.1µF"; VariantName = "[No Variations]"
Added Component: Designator=C?(C_0603)
Add component. Clean all parameters for all variants
Add component (AddParameter): Name = "ComponentLink1Description"; Value = "Datasheet"; VariantName = "[No Variations]"
Add component (AddParameter): Name = "ComponentLink1URL"; Value = "https://www.murata.com/~/media/webrenewal/support/library/catalog/products/capacitor/mlcc/c02e.ashx?la=en-us"; VariantName = "[No Variations]"
Add component (AddParameter): Name = "Component Type"; Value = "Capasitor"; VariantName = "[No Variations]"
Add component (AddParameter): Name = "Manufacturer"; Value = "Murata Electronics"; VariantName = "[No Variations]"
Add component (AddParameter): Name = "Part Number"; Value = "GRM1885C1H150FA01D"; VariantName = "[No Variations]"
Add component (AddParameter): Name = "Value"; Value = "15pF"; VariantName = "[No Variations]"
Added Component: Designator=C?(C_0603)
Add component. Clean all parameters for all variants
Add component (AddParameter): Name = "ComponentLink1Description"; Value = "Datasheet"; VariantName = "[No Variations]"
Add component (AddParameter): Name = "ComponentLink1URL"; Value = "https://www.murata.com/~/media/webrenewal/support/library/catalog/products/capacitor/mlcc/c02e.ashx?la=en-us"; VariantName = "[No Variations]"
Add component (AddParameter): Name = "Component Type"; Value = "Capasitor"; VariantName = "[No Variations]"
Add component (AddParameter): Name = "Manufacturer"; Value = "Murata Electronics"; VariantName = "[No Variations]"
Add component (AddParameter): Name = "Part Number"; Value = "GRM1885C1H102GA01J"; VariantName = "[No Variations]"
Add component (AddParameter): Name = "Value"; Value = "1000pF"; VariantName = "[No Variations]"
Added Component: Designator=C?(C_0603)
Add component. Clean all parameters for all variants
Add component (AddParameter): Name = "ComponentLink1Description"; Value = "Datasheet"; VariantName = "[No Variations]"
Add component (AddParameter): Name = "ComponentLink1URL"; Value = "https://www.murata.com/~/media/webrenewal/support/library/catalog/products/capacitor/mlcc/c02e.ashx?la=en-us"; VariantName = "[No Variations]"
Add component (AddParameter): Name = "Component Type"; Value = "Capasitor"; VariantName = "[No Variations]"
Add component (AddParameter): Name = "Manufacturer"; Value = "Murata Electronics"; VariantName = "[No Variations]"
Add component (AddParameter): Name = "Part Number"; Value = "GRM188R71E474KA12D"; VariantName = "[No Variations]"
Add component (AddParameter): Name = "Value"; Value = "0.47µF"; VariantName = "[No Variations]"
Added Component: Designator=C?(C_0603)
Add component. Clean all parameters for all variants
Add component (AddParameter): Name = "ComponentLink1Description"; Value = "Datasheet"; VariantName = "[No Variations]"
Add component (AddParameter): Name = "ComponentLink1URL"; Value = "https://www.murata.com/~/media/webrenewal/support/library/catalog/products/capacitor/mlcc/c02e.ashx?la=en-us"; VariantName = "[No Variations]"
Add component (AddParameter): Name = "Component Type"; Value = "Capasitor"; VariantName = "[No Variations]"
Add component (AddParameter): Name = "Manufacturer"; Value = "Murata Electronics"; VariantName = "[No Variations]"
Add component (AddParameter): Name = "Part Number"; Value = "GRM1885C1H150FA01D"; VariantName = "[No Variations]"
Add component (AddParameter): Name = "Value"; Value = "15pF"; VariantName = "[No Variations]"
Added Component: Designator=L?(CM322522 (1210))
Add component. Clean all parameters for all variants
Added Component: Designator=L?(CM322522 (1210))
Add component. Clean all parameters for all variants
Added Component: Designator=R?(R_0603)
Add component. Clean all parameters for all variants
Add component (AddParameter): Name = "ComponentLink1Description"; Value = "Datasheet"; VariantName = "[No Variations]"
Add component (AddParameter): Name = "ComponentLink1URL"; Value = "https://www.bourns.com/pdfs/chpreztr.pdf"; VariantName = "[No Variations]"
Add component (AddParameter): Name = "Component Type"; Value = "Resistor"; VariantName = "[No Variations]"
Add component (AddParameter): Name = "Manufacturer"; Value = "Bourns Inc."; VariantName = "[No Variations]"
Add component (AddParameter): Name = "Part Number"; Value = "CR0603-FX-4701ELF"; VariantName = "[No Variations]"
Add component (AddParameter): Name = "Value"; Value = "4,7 ÍŒÏ"; VariantName = "[No Variations]"
Added Component: Designator=R?(R_0603)
Add component. Clean all parameters for all variants
Add component (AddParameter): Name = "ComponentLink1Description"; Value = "Datasheet"; VariantName = "[No Variations]"
Add component (AddParameter): Name = "ComponentLink1URL"; Value = "https://www.bourns.com/pdfs/chpreztr.pdf"; VariantName = "[No Variations]"
Add component (AddParameter): Name = "Component Type"; Value = "Resistor"; VariantName = "[No Variations]"
Add component (AddParameter): Name = "Manufacturer"; Value = "Bourns Inc."; VariantName = "[No Variations]"
Add component (AddParameter): Name = "Part Number"; Value = "CR0603-FX-4701ELF"; VariantName = "[No Variations]"
Add component (AddParameter): Name = "Value"; Value = "4,7 ÍŒÏ"; VariantName = "[No Variations]"
Added Component: Designator=R?(R_0603)
Add component. Clean all parameters for all variants
Add component (AddParameter): Name = "ComponentLink1Description"; Value = "Datasheet"; VariantName = "[No Variations]"
Add component (AddParameter): Name = "ComponentLink1URL"; Value = "https://www.bourns.com/pdfs/chpreztr.pdf"; VariantName = "[No Variations]"
Add component (AddParameter): Name = "Component Type"; Value = "Resistor"; VariantName = "[No Variations]"
Add component (AddParameter): Name = "Manufacturer"; Value = "Bourns Inc."; VariantName = "[No Variations]"
Add component (AddParameter): Name = "Part Number"; Value = "CR0603-FX-2001ELF"; VariantName = "[No Variations]"
Add component (AddParameter): Name = "Value"; Value = "2 ÍŒÏ"; VariantName = "[No Variations]"
Added Component: Designator=R?(R_0603)
Add component. Clean all parameters for all variants
Add component (AddParameter): Name = "ComponentLink1Description"; Value = "Datasheet"; VariantName = "[No Variations]"
Add component (AddParameter): Name = "ComponentLink1URL"; Value = "https://www.bourns.com/pdfs/chpreztr.pdf"; VariantName = "[No Variations]"
Add component (AddParameter): Name = "Component Type"; Value = "Resistor"; VariantName = "[No Variations]"
Add component (AddParameter): Name = "Manufacturer"; Value = "Bourns Inc."; VariantName = "[No Variations]"
Add component (AddParameter): Name = "Part Number"; Value = "CR0603-FX-2001ELF"; VariantName = "[No Variations]"
Add component (AddParameter): Name = "Value"; Value = "2 ÍŒÏ"; VariantName = "[No Variations]"
Added Component: Designator=R?(R_0603)
Add component. Clean all parameters for all variants
Add component (AddParameter): Name = "ComponentLink1Description"; Value = "Datasheet"; VariantName = "[No Variations]"
Add component (AddParameter): Name = "ComponentLink1URL"; Value = "https://www.bourns.com/pdfs/chpreztr.pdf"; VariantName = "[No Variations]"
Add component (AddParameter): Name = "Component Type"; Value = "Resistor"; VariantName = "[No Variations]"
Add component (AddParameter): Name = "Manufacturer"; Value = "Bourns Inc."; VariantName = "[No Variations]"
Add component (AddParameter): Name = "Part Number"; Value = "CR0603-FX-5900ELF"; VariantName = "[No Variations]"
Add component (AddParameter): Name = "Value"; Value = "590 ŒÏ"; VariantName = "[No Variations]"
Added Component: Designator=VD?(SOT23)
Add component. Clean all parameters for all variants
Add component (AddParameter): Name = "HelpURL"; Value = "https://www.vishay.com/docs/85718/bav99.pdf"; VariantName = "[No Variations]"
Added Component: Designator=VD?(SOT23)
Add component. Clean all parameters for all variants
Add component (AddParameter): Name = "HelpURL"; Value = "https://www.vishay.com/docs/85718/bav99.pdf"; VariantName = "[No Variations]"
Added Component: Designator=ZQ?(DT-38T)
Add component. Clean all parameters for all variants
Added Pin To Net: NetName=DFS Pin=R?-1
Added Net: Name=DFS
Added Pin To Net: NetName=DOUT Pin=R?-1
Added Net: Name=DOUT
Added Pin To Net: NetName=GND Pin=C?-1
Added Pin To Net: NetName=GND Pin=C?-2
Added Pin To Net: NetName=GND Pin=C?-2
Added Pin To Net: NetName=GND Pin=DD?-9
Added Pin To Net: NetName=GND Pin=DD?-13
Added Pin To Net: NetName=GND Pin=DD?-14
Added Pin To Net: NetName=GND Pin=L?-1
Added Pin To Net: NetName=GND Pin=L?-1
Added Pin To Net: NetName=GND Pin=R?-1
Added Pin To Net: NetName=GND Pin=R?-1
Added Pin To Net: NetName=GND Pin=R?-1
Added Pin To Net: NetName=GND Pin=R?-1
Added Pin To Net: NetName=GND Pin=VD?-1
Added Pin To Net: NetName=GND Pin=VD?-1
Added Pin To Net: NetName=GND Pin=VD?-2
Added Pin To Net: NetName=GND Pin=VD?-2
Added Pin To Net: NetName=GND Pin=XW?-1
Added Pin To Net: NetName=GND Pin=XW?-1
Added Pin To Net: NetName=GND Pin=XW?-1
Added Pin To Net: NetName=GND Pin=XW?-1
Added Pin To Net: NetName=GND Pin=XW?-1
Added Pin To Net: NetName=GND Pin=XW?-1
Added Pin To Net: NetName=GND Pin=XW?-1
Added Pin To Net: NetName=GND Pin=XW?-1
Added Net: Name=GND
Added Pin To Net: NetName=GPO1 Pin=DD?-5
Added Net: Name=GPO1
Added Pin To Net: NetName=GPO2/INT Pin=DD?-4
Added Net: Name=GPO2/INT
Added Pin To Net: NetName=GPO3/DCLK Pin=R?-1
Added Net: Name=GPO3/DCLK
Added Pin To Net: NetName=LOUT Pin=C?-1
Added Pin To Net: NetName=LOUT Pin=XS?-5
Added Net: Name=LOUT
Added Pin To Net: NetName=NetC?_1 Pin=C?-1
Added Pin To Net: NetName=NetC?_1 Pin=XW?-2
Added Net: Name=NetC?_1
Added Pin To Net: NetName=NetC?_2 Pin=C?-2
Added Pin To Net: NetName=NetC?_2 Pin=DD?-8
Added Pin To Net: NetName=NetC?_2 Pin=L?-2
Added Pin To Net: NetName=NetC?_2 Pin=VD?-3
Added Net: Name=NetC?_2
Added Pin To Net: NetName=NetDD?_1 Pin=DD?-1
Added Pin To Net: NetName=NetDD?_1 Pin=R?-2
Added Net: Name=NetDD?_1
Added Pin To Net: NetName=NetDD?_2 Pin=DD?-2
Added Pin To Net: NetName=NetDD?_2 Pin=R?-2
Added Net: Name=NetDD?_2
Added Pin To Net: NetName=RCLK Pin=C?-1
Added Pin To Net: NetName=RCLK Pin=DD?-19
Added Pin To Net: NetName=RCLK Pin=ZQ?-2
Added Net: Name=RCLK
Added Pin To Net: NetName=ROUT Pin=C?-1
Added Pin To Net: NetName=ROUT Pin=XS?-2
Added Net: Name=ROUT
Added Pin To Net: NetName=RST Pin=DD?-15
Added Pin To Net: NetName=RST Pin=R?-2
Added Net: Name=RST
Added Pin To Net: NetName=SCLK Pin=DD?-17
Added Pin To Net: NetName=SCLK Pin=R?-2
Added Net: Name=SCLK
Added Pin To Net: NetName=SDIO Pin=DD?-18
Added Pin To Net: NetName=SDIO Pin=R?-2
Added Net: Name=SDIO
Added Pin To Net: NetName=SEN Pin=DD?-16
Added Pin To Net: NetName=SEN Pin=R?-2
Added Net: Name=SEN
Added Pin To Net: NetName=VDD Pin=C?-1
Added Pin To Net: NetName=VDD Pin=C?-2
Added Pin To Net: NetName=VDD Pin=DD?-20
Added Pin To Net: NetName=VDD Pin=DD?-21
Added Net: Name=VDD
Added Member To Class: ClassName=Sheet1 Member=Component C? 0,1 ÏÍ
Added Member To Class: ClassName=Sheet1 Member=Component C? 0,1 ÏÍ
Added Member To Class: ClassName=Sheet1 Member=Component C? 0,1 ÏÍ
Added Member To Class: ClassName=Sheet1 Member=Component C? 0,1 ÏÍ
Added Member To Class: ClassName=Sheet1 Member=Component C? 15
Added Member To Class: ClassName=Sheet1 Member=Component C? 1000
Added Member To Class: ClassName=Sheet1 Member=Component C? 0,47 ÏÍ
Added Member To Class: ClassName=Sheet1 Member=Component C? 15
Added Member To Class: ClassName=Sheet1 Member=Component DD? ATmega328-AU
Added Member To Class: ClassName=Sheet1 Member=Component HL? BL-LS0805PGC
Added Member To Class: ClassName=Sheet1 Member=Component L? 470 ÏÍ√Ì
Added Member To Class: ClassName=Sheet1 Member=Component L? 470 ÏÍ√Ì
Added Member To Class: ClassName=Sheet1 Member=Component R? 10 ÍŒÏ
Added Member To Class: ClassName=Sheet1 Member=Component R? 10 ÍŒÏ
Added Member To Class: ClassName=Sheet1 Member=Component R? 4,7 ÍŒÏ
Added Member To Class: ClassName=Sheet1 Member=Component R? 4,7 ÍŒÏ
Added Member To Class: ClassName=Sheet1 Member=Component R? 2 ÍŒÏ
Added Member To Class: ClassName=Sheet1 Member=Component R? 2 ÍŒÏ
Added Member To Class: ClassName=Sheet1 Member=Component R? 590 ŒÏ
Added Member To Class: ClassName=Sheet1 Member=Component SB? KLS7-TS6601
Added Member To Class: ClassName=Sheet1 Member=Component SB? KLS7-TS6601
Added Member To Class: ClassName=Sheet1 Member=Component VD? BAV99
Added Member To Class: ClassName=Sheet1 Member=Component VD? BAV99
Added Member To Class: ClassName=Sheet1 Member=Component XP? DS-261B
Added Member To Class: ClassName=Sheet1 Member=Component XS? KLS1-233-0-0-1-T
Added Member To Class: ClassName=Sheet1 Member=Component XW? L-KLS1-SMA001
Added Member To Class: ClassName=Sheet1 Member=Component ZQ? 32768 √ˆ
Added Room: Name=Sheet1
