Change Component Designator: Old Designator=C2 New Designator=C3
Change Component Designator: Old Designator=C3 New Designator=C23
Change Component Designator: Old Designator=C4 New Designator=C6
Change Component Designator: Old Designator=C6 New Designator=C9
Change Component Designator: Old Designator=C7 New Designator=C10
Change Component Designator: Old Designator=C8 New Designator=C11
Change Component Designator: Old Designator=C9 New Designator=C17
Change Component Designator: Old Designator=C10 New Designator=C12
Change Component Designator: Old Designator=C11 New Designator=C13
Change Component Designator: Old Designator=C12 New Designator=C24
Change Component Designator: Old Designator=C13 New Designator=C25
Change Component Designator: Old Designator=C14 New Designator=C21
Change Component Designator: Old Designator=C15 New Designator=C22
Change Component Designator: Old Designator=C16 New Designator=C26
Change Component Designator: Old Designator=C21 New Designator=C18
Change Component Designator: Old Designator=C22 New Designator=C2
Change Component Designator: Old Designator=C23 New Designator=C4
Change Component Designator: Old Designator=C24 New Designator=C5
Change Component Designator: Old Designator=C25 New Designator=C7
Change Component Designator: Old Designator=C26 New Designator=C8
Change Component Designator: Old Designator=C27 New Designator=C14
Change Component Designator: Old Designator=C28 New Designator=C15
Change Component Designator: Old Designator=C29 New Designator=C16
Change Component Designator: Old Designator=C30 New Designator=C19
Change Component Designator: Old Designator=C31 New Designator=C20
Change Component Designator: Old Designator=R4 New Designator=R5
Change Component Designator: Old Designator=R5 New Designator=R7
Change Component Designator: Old Designator=R6 New Designator=R10
Change Component Designator: Old Designator=R7 New Designator=R11
Change Component Designator: Old Designator=R8 New Designator=R13
Change Component Designator: Old Designator=R13 New Designator=R14
Change Component Designator: Old Designator=R14 New Designator=R4
Change Component Designator: Old Designator=R15 New Designator=R6
Change Component Designator: Old Designator=R16 New Designator=R8
Change Component Designator: Old Designator=R17 New Designator=R9
Change Component Designator: Old Designator=R18 New Designator=R12
Change Component Designator: Old Designator=R19 New Designator=R15
Change Component Designator: Old Designator=R20 New Designator=R16
Change Component Designator: Old Designator=SB3 New Designator=SB1
Change Component Designator: Old Designator=SB4 New Designator=SB2
Change Component Designator: Old Designator=SB5 New Designator=SB3
Change Component Designator: Old Designator=SB6 New Designator=SB4
Change Component Designator: Old Designator=SB7 New Designator=SB5
Change Component Designator: Old Designator=SB8 New Designator=SB6
Change Component Designator: Old Designator=VD6 New Designator=VD3
Change Component Designator: Old Designator=VD7 New Designator=VD4
Change Component Designator: Old Designator=XP2 New Designator=XP1
Change Component Designator: Old Designator=XP3 New Designator=XP2
Change Component Designator: Old Designator=XW1 New Designator=XW2
Change Component Designator: Old Designator=XW2 New Designator=XW1
